<?xml version="1.0" encoding="UTF-8"?>
<testng-results ignored="0" total="1" passed="0" failed="1" skipped="0">
  <reporter-output>
  </reporter-output>
  <suite started-at="2024-05-02T12:47:24 IST" name="Default suite" finished-at="2024-05-02T12:47:39 IST" duration-ms="15228">
    <groups>
    </groups>
    <test started-at="2024-05-02T12:47:24 IST" name="Default test" finished-at="2024-05-02T12:47:39 IST" duration-ms="15228">
      <class name="ActualtestCase.VerifyTitleofHomePage">
        <test-method is-config="true" signature="bsconfig()[pri:0, instance:ActualtestCase.VerifyTitleofHomePage@3e58a80e]" started-at="2024-05-02T12:47:24 IST" name="bsconfig" finished-at="2024-05-02T12:47:24 IST" duration-ms="13" status="PASS">
          <reporter-output>
          </reporter-output>
        </test-method> <!-- bsconfig -->
        <test-method is-config="true" signature="bcconfig()[pri:0, instance:ActualtestCase.VerifyTitleofHomePage@3e58a80e]" started-at="2024-05-02T12:47:24 IST" name="bcconfig" finished-at="2024-05-02T12:47:30 IST" duration-ms="6186" status="PASS">
          <reporter-output>
          </reporter-output>
        </test-method> <!-- bcconfig -->
        <test-method is-config="true" signature="bmconfig()[pri:0, instance:ActualtestCase.VerifyTitleofHomePage@3e58a80e]" started-at="2024-05-02T12:47:30 IST" name="bmconfig" finished-at="2024-05-02T12:47:34 IST" duration-ms="3577" status="PASS">
          <reporter-output>
          </reporter-output>
        </test-method> <!-- bmconfig -->
        <test-method signature="TC()[pri:0, instance:ActualtestCase.VerifyTitleofHomePage@3e58a80e]" started-at="2024-05-02T12:47:34 IST" name="TC" finished-at="2024-05-02T12:47:34 IST" duration-ms="22" status="FAIL">
          <exception class="java.lang.AssertionError">
            <message>
              <![CDATA[Both are not Matching expected [Administrator - Home - vtiger CRM 5 - Commercial Open Source CRM] but found [vtiger]]]>
            </message>
            <full-stacktrace>
              <![CDATA[java.lang.AssertionError: Both are not Matching expected [Administrator - Home - vtiger CRM 5 - Commercial Open Source CRM] but found [vtiger]
at org.testng.Assert.fail(Assert.java:99)
at org.testng.Assert.failNotEquals(Assert.java:1037)
at org.testng.Assert.assertEqualsImpl(Assert.java:140)
at org.testng.Assert.assertEquals(Assert.java:122)
at org.testng.Assert.assertEquals(Assert.java:629)
at ActualtestCase.VerifyTitleofHomePage.TC(VerifyTitleofHomePage.java:15)
at java.base/jdk.internal.reflect.DirectMethodHandleAccessor.invoke(DirectMethodHandleAccessor.java:103)
at java.base/java.lang.reflect.Method.invoke(Method.java:580)
at org.testng.internal.MethodInvocationHelper.invokeMethod(MethodInvocationHelper.java:133)
at org.testng.internal.TestInvoker.invokeMethod(TestInvoker.java:598)
at org.testng.internal.TestInvoker.invokeTestMethod(TestInvoker.java:173)
at org.testng.internal.MethodRunner.runInSequence(MethodRunner.java:46)
at org.testng.internal.TestInvoker$MethodInvocationAgent.invoke(TestInvoker.java:824)
at org.testng.internal.TestInvoker.invokeTestMethods(TestInvoker.java:146)
at org.testng.internal.TestMethodWorker.invokeTestMethods(TestMethodWorker.java:146)
at org.testng.internal.TestMethodWorker.run(TestMethodWorker.java:128)
at java.base/java.util.ArrayList.forEach(ArrayList.java:1596)
at org.testng.TestRunner.privateRun(TestRunner.java:794)
at org.testng.TestRunner.run(TestRunner.java:596)
at org.testng.SuiteRunner.runTest(SuiteRunner.java:377)
at org.testng.SuiteRunner.runSequentially(SuiteRunner.java:371)
at org.testng.SuiteRunner.privateRun(SuiteRunner.java:332)
at org.testng.SuiteRunner.run(SuiteRunner.java:276)
at org.testng.SuiteRunnerWorker.runSuite(SuiteRunnerWorker.java:53)
at org.testng.SuiteRunnerWorker.run(SuiteRunnerWorker.java:96)
at org.testng.TestNG.runSuitesSequentially(TestNG.java:1212)
at org.testng.TestNG.runSuitesLocally(TestNG.java:1134)
at org.testng.TestNG.runSuites(TestNG.java:1063)
at org.testng.TestNG.run(TestNG.java:1031)
at org.testng.remote.AbstractRemoteTestNG.run(AbstractRemoteTestNG.java:115)
at org.testng.remote.RemoteTestNG.initAndRun(RemoteTestNG.java:293)
at org.testng.remote.RemoteTestNG.main(RemoteTestNG.java:91)
]]>
            </full-stacktrace>
          </exception> <!-- java.lang.AssertionError -->
          <reporter-output>
          </reporter-output>
        </test-method> <!-- TC -->
        <test-method is-config="true" signature="amconfig()[pri:0, instance:ActualtestCase.VerifyTitleofHomePage@3e58a80e]" started-at="2024-05-02T12:47:34 IST" name="amconfig" finished-at="2024-05-02T12:47:38 IST" duration-ms="4066" status="PASS">
          <reporter-output>
          </reporter-output>
        </test-method> <!-- amconfig -->
        <test-method is-config="true" signature="teardown()[pri:0, instance:ActualtestCase.VerifyTitleofHomePage@3e58a80e]" started-at="2024-05-02T12:47:38 IST" name="teardown" finished-at="2024-05-02T12:47:39 IST" duration-ms="1318" status="PASS">
          <reporter-output>
          </reporter-output>
        </test-method> <!-- teardown -->
        <test-method is-config="true" signature="asconfig()[pri:0, instance:ActualtestCase.VerifyTitleofHomePage@3e58a80e]" started-at="2024-05-02T12:47:39 IST" name="asconfig" finished-at="2024-05-02T12:47:39 IST" duration-ms="0" status="PASS">
          <reporter-output>
          </reporter-output>
        </test-method> <!-- asconfig -->
      </class> <!-- ActualtestCase.VerifyTitleofHomePage -->
    </test> <!-- Default test -->
  </suite> <!-- Default suite -->
</testng-results>
